ERROR:ib_insync.client:API connection failed: TimeoutError()
ERROR: Could not connect to IBKR — 
Make sure TWS or IB Gateway is running.
ERROR:ib_insync.client:API connection failed: TimeoutError()
ERROR: Could not connect to IBKR — 
Make sure TWS or IB Gateway is running.

============================================================================
  IBS  [EXECUTE]  |  2026-06-01  |  checking: MGC
  Equity: $251,587.01   per instrument: $83,862
  Execution: MES/MNQ → MKT @ 3:58 PM ET   MGC → MKT @ 1:28 PM ET
============================================================================

  ────────────────────────────────────────────────────────────────────────
  GC  Micro Gold  (MGC 202606)  |  position: +1
  H 4543.00  L 4453.90  C 4471.30  |  IBS: 0.195  |  target: 4 contract(s)
  HOLD long (1 contract(s))

============================================================================
  NO ORDERS PLACED — no signals triggered
============================================================================


============================================================================
  IBS  [EXECUTE]  |  2026-06-01  |  checking: MES / MNQ
  Equity: $251,666.33   per instrument: $83,889
  Execution: MES/MNQ → MKT @ 3:58 PM ET   MGC → MKT @ 1:28 PM ET
============================================================================

  ────────────────────────────────────────────────────────────────────────
  ES  Micro S&P 500  (MES 202606)  |  position: +1
  H 7632.75  L 7576.00  C 7617.25  |  IBS: 0.727  |  target: 4 contract(s)
  *** REBALANCE  1 → 4 contract(s)  (BUY 3)
  ACTION: BUY 3 MES  — MKT @ 3:58 PM ET
  ORDER PLACED → status: Filled  (orderId 7)

  ────────────────────────────────────────────────────────────────────────
  NQ  Micro Nasdaq  (MNQ 202606)  |  position: +1
  H 30692.00  L 30291.00  C 30583.00  |  IBS: 0.728  |  target: 3 contract(s)
  *** REBALANCE  1 → 3 contract(s)  (BUY 2)
  ACTION: BUY 2 MNQ  — MKT @ 3:58 PM ET
  ORDER PLACED → status: Filled  (orderId 8)

============================================================================
  ORDERS PLACED:
    BUY  3 MES MKT                  status: Filled                id: 7
    BUY  2 MNQ MKT                  status: Filled                id: 8
============================================================================

ERROR:ib_insync.wrapper:Error 201, reqId 7: Order rejected - reason:This order does not comply with our order handling rules for derivatives subject to IBKR near-expiration and<br>physical delivery risk policies.<br>Please refer to our website for further details.<br><br>You are placing an order during the contracts delivery window.<br>Before submitting this order, please declare your intent to receive in the <a href='tws://physdel?conid=712565978'>Futures Physical Delivery Tool </a>.<br>For more information see this <a href='https://api.ibkr.com/lib/cstools/faq/desktop1/desktop.html#/tag/physical_delivery'>FAQ Article </a>.
WARNING:ib_insync.wrapper:Canceled order: Trade(contract=Future(conId=712565978, symbol='MGC', lastTradeDateOrContractMonth='20260626', multiplier='10', exchange='COMEX', currency='USD', localSymbol='MGCM6', tradingClass='MGC'), order=Order(orderId=7, clientId=4, permId=30469470, action='BUY', totalQuantity=4.0, orderType='MKT', lmtPrice=0.0, auxPrice=0.0, tif='DAY'), orderStatus=OrderStatus(orderId=7, status='Cancelled', filled=0.0, remaining=4.0, avgFillPrice=0.0, permId=30469470, parentId=0, lastFillPrice=0.0, clientId=4, whyHeld='', mktCapPrice=0.0), fills=[], log=[TradeLogEntry(time=datetime.datetime(2026, 6, 2, 17, 28, 5, 215867, tzinfo=datetime.timezone.utc), status='PendingSubmit', message='', errorCode=0), TradeLogEntry(time=datetime.datetime(2026, 6, 2, 17, 28, 5, 306468, tzinfo=datetime.timezone.utc), status='Inactive', message='', errorCode=0), TradeLogEntry(time=datetime.datetime(2026, 6, 2, 17, 28, 5, 320134, tzinfo=datetime.timezone.utc), status='Cancelled', message="Error 201, reqId 7: Order rejected - reason:This order does not comply with our order handling rules for derivatives subject to IBKR near-expiration and<br>physical delivery risk policies.<br>Please refer to our website for further details.<br><br>You are placing an order during the contracts delivery window.<br>Before submitting this order, please declare your intent to receive in the <a href='tws://physdel?conid=712565978'>Futures Physical Delivery Tool </a>.<br>For more information see this <a href='https://api.ibkr.com/lib/cstools/faq/desktop1/desktop.html#/tag/physical_delivery'>FAQ Article </a>.", errorCode=201)], advancedError='')

============================================================================
  IBS  [EXECUTE]  |  2026-06-02  |  checking: MGC
  Equity: $252,413.92   per instrument: $84,138
  Execution: MES/MNQ → MKT @ 3:58 PM ET   MGC → MKT @ 1:28 PM ET
============================================================================

  ────────────────────────────────────────────────────────────────────────
  GC  Micro Gold  (MGC 202606)  |  position: +1
  ⚠ ROLL NEEDED — other months: 202608: +1
  H 4504.90  L 4482.20  C 4493.00  |  IBS: 0.476  |  target: 4 contract(s)
  *** REBALANCE  1 → 4 contract(s)  (BUY 3)
  ACTION: BUY 4 MGC 202606  [MKT]  @ 1:28 PM ET
  ACTION: SELL 1 MGC 202608  [ROLL CLOSE]  MKT
  ROLL CLOSE MGC 202608  SELL 1  → Filled  fill 4517.40  (id 6)
  ORDER PLACED → status: Inactive  fill 4493.00  comm $0.00  (orderId 7)

============================================================================
  ORDERS PLACED:
    ROLL SELL  1 MGC 202608 MKT     status: Filled                id: 6
    BUY  4 MGC 202606 MKT           status: Inactive              id: 7
============================================================================

ERROR:ib_insync.client:API connection failed: TimeoutError()
ERROR: Could not connect to IBKR — 
Make sure TWS or IB Gateway is running.
