Nightly refresh: 78 tickers (full history, overwrite)

  OK    AMLP      3965 rows  → Data/etf/amlp_1d_yf.csv
  OK    BIL       4782 rows  → Data/etf/bil_1d_yf.csv
  OK    BITO      1157 rows  → Data/etf/bito_1d_yf.csv
  OK    BNDX      3268 rows  → Data/etf/bndx_1d_yf.csv
  OK    BWX       4688 rows  → Data/etf/bwx_1d_yf.csv
  OK    CALF      2250 rows  → Data/etf/calf_1d_yf.csv
  OK    COWZ      2371 rows  → Data/etf/cowz_1d_yf.csv
  OK    DBA       4881 rows  → Data/etf/dba_1d_yf.csv
  OK    ECH       4660 rows  → Data/etf/ech_1d_yf.csv
  OK    EIDO      4041 rows  → Data/etf/eido_1d_yf.csv
  OK    EWA       7600 rows  → Data/etf/ewa_1d_yf.csv
  OK    EWC       7600 rows  → Data/etf/ewc_1d_yf.csv
  OK    EWG       7600 rows  → Data/etf/ewg_1d_yf.csv
  OK    EWH       7600 rows  → Data/etf/ewh_1d_yf.csv
  OK    EWI       7600 rows  → Data/etf/ewi_1d_yf.csv
  OK    EWJ       7600 rows  → Data/etf/ewj_1d_yf.csv
  OK    EWL       7600 rows  → Data/etf/ewl_1d_yf.csv
  OK    EWP       7600 rows  → Data/etf/ewp_1d_yf.csv
  OK    EWQ       7600 rows  → Data/etf/ewq_1d_yf.csv
  OK    EWT       6522 rows  → Data/etf/ewt_1d_yf.csv
  OK    EWU       7600 rows  → Data/etf/ewu_1d_yf.csv
  OK    EWW       7600 rows  → Data/etf/eww_1d_yf.csv
  OK    EWY       6551 rows  → Data/etf/ewy_1d_yf.csv
  OK    EWZ       6508 rows  → Data/etf/ewz_1d_yf.csv
  OK    FLOT      3760 rows  → Data/etf/flot_1d_yf.csv
  OK    FXE       5148 rows  → Data/etf/fxe_1d_yf.csv
  OK    FXI       5445 rows  → Data/etf/fxi_1d_yf.csv
  OK    FXY       4855 rows  → Data/etf/fxy_1d_yf.csv
  OK    GLD       5416 rows  → Data/etf/gld_1d_yf.csv
  OK    HDV       3814 rows  → Data/etf/hdv_1d_yf.csv
  OK    HYD       4356 rows  → Data/etf/hyd_1d_yf.csv
  OK    IAGG      2651 rows  → Data/etf/iagg_1d_yf.csv
  OK    IBB       6362 rows  → Data/etf/ibb_1d_yf.csv
  OK    IEF       5998 rows  → Data/etf/ief_1d_yf.csv
  OK    INDA      3601 rows  → Data/etf/inda_1d_yf.csv
  OK    ITA       5049 rows  → Data/etf/ita_1d_yf.csv
  OK    IWM       6541 rows  → Data/etf/iwm_1d_yf.csv
  OK    IYT       5638 rows  → Data/etf/iyt_1d_yf.csv
  OK    KRE       5016 rows  → Data/etf/kre_1d_yf.csv
  OK    LQD       5998 rows  → Data/etf/lqd_1d_yf.csv
  OK    MTUM      3300 rows  → Data/etf/mtum_1d_yf.csv
  OK    MUB       4711 rows  → Data/etf/mub_1d_yf.csv
  OK    OIH       6353 rows  → Data/etf/oih_1d_yf.csv
  OK    PDBC      2906 rows  → Data/etf/pdbc_1d_yf.csv
  OK    QQQ       6849 rows  → Data/etf/qqq_1d_yf.csv
  OK    SGOV      1508 rows  → Data/etf/sgov_1d_yf.csv
  OK    SHY       5998 rows  → Data/etf/shy_1d_yf.csv
  OK    SLV       5054 rows  → Data/etf/slv_1d_yf.csv
  OK    SMH       6536 rows  → Data/etf/smh_1d_yf.csv
  OK    SPY       8391 rows  → Data/etf/spy_1d_yf.csv
  OK    STIP      3895 rows  → Data/etf/stip_1d_yf.csv
  OK    TIP       5656 rows  → Data/etf/tip_1d_yf.csv
  OK    TLT       5998 rows  → Data/etf/tlt_1d_yf.csv
  OK    UNG       4811 rows  → Data/etf/ung_1d_yf.csv
  OK    USMV      3673 rows  → Data/etf/usmv_1d_yf.csv
  OK    USO       5067 rows  → Data/etf/uso_1d_yf.csv
  OK    UUP       4844 rows  → Data/etf/uup_1d_yf.csv
  OK    UVXY      3685 rows  → Data/etf/uvxy_1d_yf.csv
  OK    VCIT      4154 rows  → Data/etf/vcit_1d_yf.csv
  OK    VCSH      4154 rows  → Data/etf/vcsh_1d_yf.csv
  OK    VGSH      4154 rows  → Data/etf/vgsh_1d_yf.csv
  OK    VLUE      3300 rows  → Data/etf/vlue_1d_yf.csv
  OK    VTEB      2707 rows  → Data/etf/vteb_1d_yf.csv
  OK    VTIP      3424 rows  → Data/etf/vtip_1d_yf.csv
  OK    VTV       5619 rows  → Data/etf/vtv_1d_yf.csv
  OK    XBI       5111 rows  → Data/etf/xbi_1d_yf.csv
  OK    XHB       5111 rows  → Data/etf/xhb_1d_yf.csv
  OK    XLB       6901 rows  → Data/etf/xlb_1d_yf.csv
  OK    XLC       1998 rows  → Data/etf/xlc_1d_yf.csv
  OK    XLE       6901 rows  → Data/etf/xle_1d_yf.csv
  OK    XLF       6901 rows  → Data/etf/xlf_1d_yf.csv
  OK    XLI       6901 rows  → Data/etf/xli_1d_yf.csv
  OK    XLP       6901 rows  → Data/etf/xlp_1d_yf.csv
  OK    XLU       6901 rows  → Data/etf/xlu_1d_yf.csv
  OK    XLV       6901 rows  → Data/etf/xlv_1d_yf.csv
  OK    XLY       6901 rows  → Data/etf/xly_1d_yf.csv
  OK    XOP       5016 rows  → Data/etf/xop_1d_yf.csv
  OK    XRT       5016 rows  → Data/etf/xrt_1d_yf.csv

  Refreshed 78/78
Nightly refresh: 78 tickers (full history, overwrite)

  OK    AMLP      3966 rows  → Data/etf/amlp_1d_yf.csv
  OK    BIL       4783 rows  → Data/etf/bil_1d_yf.csv
  OK    BITO      1158 rows  → Data/etf/bito_1d_yf.csv
  OK    BNDX      3269 rows  → Data/etf/bndx_1d_yf.csv
  OK    BWX       4689 rows  → Data/etf/bwx_1d_yf.csv
  OK    CALF      2251 rows  → Data/etf/calf_1d_yf.csv
  OK    COWZ      2372 rows  → Data/etf/cowz_1d_yf.csv
  OK    DBA       4882 rows  → Data/etf/dba_1d_yf.csv
  OK    ECH       4661 rows  → Data/etf/ech_1d_yf.csv
  OK    EIDO      4042 rows  → Data/etf/eido_1d_yf.csv
  OK    EWA       7601 rows  → Data/etf/ewa_1d_yf.csv
  OK    EWC       7601 rows  → Data/etf/ewc_1d_yf.csv
  OK    EWG       7601 rows  → Data/etf/ewg_1d_yf.csv
  OK    EWH       7601 rows  → Data/etf/ewh_1d_yf.csv
  OK    EWI       7601 rows  → Data/etf/ewi_1d_yf.csv
  OK    EWJ       7601 rows  → Data/etf/ewj_1d_yf.csv
  OK    EWL       7601 rows  → Data/etf/ewl_1d_yf.csv
  OK    EWP       7601 rows  → Data/etf/ewp_1d_yf.csv
  OK    EWQ       7601 rows  → Data/etf/ewq_1d_yf.csv
  OK    EWT       6523 rows  → Data/etf/ewt_1d_yf.csv
  OK    EWU       7601 rows  → Data/etf/ewu_1d_yf.csv
  OK    EWW       7601 rows  → Data/etf/eww_1d_yf.csv
  OK    EWY       6552 rows  → Data/etf/ewy_1d_yf.csv
  OK    EWZ       6509 rows  → Data/etf/ewz_1d_yf.csv
  OK    FLOT      3761 rows  → Data/etf/flot_1d_yf.csv
  OK    FXE       5149 rows  → Data/etf/fxe_1d_yf.csv
  OK    FXI       5446 rows  → Data/etf/fxi_1d_yf.csv
  OK    FXY       4856 rows  → Data/etf/fxy_1d_yf.csv
  OK    GLD       5417 rows  → Data/etf/gld_1d_yf.csv
  OK    HDV       3815 rows  → Data/etf/hdv_1d_yf.csv
  OK    HYD       4357 rows  → Data/etf/hyd_1d_yf.csv
  OK    IAGG      2652 rows  → Data/etf/iagg_1d_yf.csv
  OK    IBB       6363 rows  → Data/etf/ibb_1d_yf.csv
  OK    IEF       5999 rows  → Data/etf/ief_1d_yf.csv
  OK    INDA      3602 rows  → Data/etf/inda_1d_yf.csv
  OK    ITA       5050 rows  → Data/etf/ita_1d_yf.csv
  OK    IWM       6542 rows  → Data/etf/iwm_1d_yf.csv
  OK    IYT       5639 rows  → Data/etf/iyt_1d_yf.csv
  OK    KRE       5017 rows  → Data/etf/kre_1d_yf.csv
  OK    LQD       5999 rows  → Data/etf/lqd_1d_yf.csv
  OK    MTUM      3301 rows  → Data/etf/mtum_1d_yf.csv
  OK    MUB       4712 rows  → Data/etf/mub_1d_yf.csv
  OK    OIH       6354 rows  → Data/etf/oih_1d_yf.csv
  OK    PDBC      2907 rows  → Data/etf/pdbc_1d_yf.csv
  OK    QQQ       6850 rows  → Data/etf/qqq_1d_yf.csv
  OK    SGOV      1509 rows  → Data/etf/sgov_1d_yf.csv
  OK    SHY       5999 rows  → Data/etf/shy_1d_yf.csv
  OK    SLV       5055 rows  → Data/etf/slv_1d_yf.csv
  OK    SMH       6537 rows  → Data/etf/smh_1d_yf.csv
  OK    SPY       8392 rows  → Data/etf/spy_1d_yf.csv
  OK    STIP      3896 rows  → Data/etf/stip_1d_yf.csv
  OK    TIP       5657 rows  → Data/etf/tip_1d_yf.csv
  OK    TLT       5999 rows  → Data/etf/tlt_1d_yf.csv
  OK    UNG       4812 rows  → Data/etf/ung_1d_yf.csv
  OK    USMV      3674 rows  → Data/etf/usmv_1d_yf.csv
  OK    USO       5068 rows  → Data/etf/uso_1d_yf.csv
  OK    UUP       4845 rows  → Data/etf/uup_1d_yf.csv
  OK    UVXY      3686 rows  → Data/etf/uvxy_1d_yf.csv
  OK    VCIT      4155 rows  → Data/etf/vcit_1d_yf.csv
  OK    VCSH      4155 rows  → Data/etf/vcsh_1d_yf.csv
  OK    VGSH      4155 rows  → Data/etf/vgsh_1d_yf.csv
  OK    VLUE      3301 rows  → Data/etf/vlue_1d_yf.csv
  OK    VTEB      2708 rows  → Data/etf/vteb_1d_yf.csv
  OK    VTIP      3425 rows  → Data/etf/vtip_1d_yf.csv
  OK    VTV       5620 rows  → Data/etf/vtv_1d_yf.csv
  OK    XBI       5112 rows  → Data/etf/xbi_1d_yf.csv
  OK    XHB       5112 rows  → Data/etf/xhb_1d_yf.csv
  OK    XLB       6902 rows  → Data/etf/xlb_1d_yf.csv
  OK    XLC       1999 rows  → Data/etf/xlc_1d_yf.csv
  OK    XLE       6902 rows  → Data/etf/xle_1d_yf.csv
  OK    XLF       6902 rows  → Data/etf/xlf_1d_yf.csv
  OK    XLI       6902 rows  → Data/etf/xli_1d_yf.csv
  OK    XLP       6902 rows  → Data/etf/xlp_1d_yf.csv
  OK    XLU       6902 rows  → Data/etf/xlu_1d_yf.csv
  OK    XLV       6902 rows  → Data/etf/xlv_1d_yf.csv
  OK    XLY       6902 rows  → Data/etf/xly_1d_yf.csv
  OK    XOP       5017 rows  → Data/etf/xop_1d_yf.csv
  OK    XRT       5017 rows  → Data/etf/xrt_1d_yf.csv

  Refreshed 78/78
Nightly refresh: 71 tickers (full history, overwrite)

  OK    AMLP      3967 rows  → Data/etf/amlp_1d_yf.csv
  OK    BITO      1159 rows  → Data/etf/bito_1d_yf.csv
  OK    BNDX      3270 rows  → Data/etf/bndx_1d_yf.csv
  OK    BWX       4690 rows  → Data/etf/bwx_1d_yf.csv
  OK    CALF      2252 rows  → Data/etf/calf_1d_yf.csv
  OK    COWZ      2373 rows  → Data/etf/cowz_1d_yf.csv
  OK    DBA       4883 rows  → Data/etf/dba_1d_yf.csv
  OK    ECH       4662 rows  → Data/etf/ech_1d_yf.csv
  OK    EIDO      4043 rows  → Data/etf/eido_1d_yf.csv
  OK    EWA       7602 rows  → Data/etf/ewa_1d_yf.csv
  OK    EWC       7602 rows  → Data/etf/ewc_1d_yf.csv
  OK    EWG       7602 rows  → Data/etf/ewg_1d_yf.csv
  OK    EWH       7602 rows  → Data/etf/ewh_1d_yf.csv
  OK    EWI       7602 rows  → Data/etf/ewi_1d_yf.csv
  OK    EWJ       7602 rows  → Data/etf/ewj_1d_yf.csv
  OK    EWL       7602 rows  → Data/etf/ewl_1d_yf.csv
  OK    EWP       7602 rows  → Data/etf/ewp_1d_yf.csv
  OK    EWQ       7602 rows  → Data/etf/ewq_1d_yf.csv
  OK    EWT       6524 rows  → Data/etf/ewt_1d_yf.csv
  OK    EWU       7602 rows  → Data/etf/ewu_1d_yf.csv
  OK    EWW       7602 rows  → Data/etf/eww_1d_yf.csv
  OK    EWY       6553 rows  → Data/etf/ewy_1d_yf.csv
  OK    EWZ       6510 rows  → Data/etf/ewz_1d_yf.csv
  OK    FLOT      3762 rows  → Data/etf/flot_1d_yf.csv
  OK    FXE       5150 rows  → Data/etf/fxe_1d_yf.csv
  OK    FXI       5447 rows  → Data/etf/fxi_1d_yf.csv
  OK    FXY       4857 rows  → Data/etf/fxy_1d_yf.csv
  OK    GLD       5418 rows  → Data/etf/gld_1d_yf.csv
  OK    HDV       3816 rows  → Data/etf/hdv_1d_yf.csv
  OK    HYD       4358 rows  → Data/etf/hyd_1d_yf.csv
  OK    IAGG      2653 rows  → Data/etf/iagg_1d_yf.csv
  OK    IBB       6364 rows  → Data/etf/ibb_1d_yf.csv
  OK    IEF       6000 rows  → Data/etf/ief_1d_yf.csv
  OK    INDA      3603 rows  → Data/etf/inda_1d_yf.csv
  OK    ITA       5051 rows  → Data/etf/ita_1d_yf.csv
  OK    IWM       6543 rows  → Data/etf/iwm_1d_yf.csv
  OK    IYT       5640 rows  → Data/etf/iyt_1d_yf.csv
  OK    KRE       5018 rows  → Data/etf/kre_1d_yf.csv
  OK    LQD       6000 rows  → Data/etf/lqd_1d_yf.csv
  OK    MTUM      3302 rows  → Data/etf/mtum_1d_yf.csv
  OK    MUB       4713 rows  → Data/etf/mub_1d_yf.csv
  OK    OIH       6355 rows  → Data/etf/oih_1d_yf.csv
  OK    PDBC      2908 rows  → Data/etf/pdbc_1d_yf.csv
  OK    QQQ       6851 rows  → Data/etf/qqq_1d_yf.csv
  OK    SLV       5056 rows  → Data/etf/slv_1d_yf.csv
  OK    SMH       6538 rows  → Data/etf/smh_1d_yf.csv
  OK    SPY       8393 rows  → Data/etf/spy_1d_yf.csv
  OK    TIP       5658 rows  → Data/etf/tip_1d_yf.csv
  OK    TLT       6000 rows  → Data/etf/tlt_1d_yf.csv
  OK    UNG       4813 rows  → Data/etf/ung_1d_yf.csv
  OK    USMV      3675 rows  → Data/etf/usmv_1d_yf.csv
  OK    USO       5069 rows  → Data/etf/uso_1d_yf.csv
  OK    UUP       4846 rows  → Data/etf/uup_1d_yf.csv
  OK    UVXY      3687 rows  → Data/etf/uvxy_1d_yf.csv
  OK    VCIT      4156 rows  → Data/etf/vcit_1d_yf.csv
  OK    VLUE      3302 rows  → Data/etf/vlue_1d_yf.csv
  OK    VTEB      2709 rows  → Data/etf/vteb_1d_yf.csv
  OK    VTV       5621 rows  → Data/etf/vtv_1d_yf.csv
  OK    XBI       5113 rows  → Data/etf/xbi_1d_yf.csv
  OK    XHB       5113 rows  → Data/etf/xhb_1d_yf.csv
  OK    XLB       6903 rows  → Data/etf/xlb_1d_yf.csv
  OK    XLC       2000 rows  → Data/etf/xlc_1d_yf.csv
  OK    XLE       6903 rows  → Data/etf/xle_1d_yf.csv
  OK    XLF       6903 rows  → Data/etf/xlf_1d_yf.csv
  OK    XLI       6903 rows  → Data/etf/xli_1d_yf.csv
  OK    XLP       6903 rows  → Data/etf/xlp_1d_yf.csv
  OK    XLU       6903 rows  → Data/etf/xlu_1d_yf.csv
  OK    XLV       6903 rows  → Data/etf/xlv_1d_yf.csv
  OK    XLY       6903 rows  → Data/etf/xly_1d_yf.csv
  OK    XOP       5018 rows  → Data/etf/xop_1d_yf.csv
  OK    XRT       5018 rows  → Data/etf/xrt_1d_yf.csv

  Refreshed 71/71
Nightly refresh: 71 tickers (full history, overwrite)

  OK    AMLP      3968 rows  → Data/etf/amlp_1d_yf.csv
  OK    BITO      1160 rows  → Data/etf/bito_1d_yf.csv
  OK    BNDX      3271 rows  → Data/etf/bndx_1d_yf.csv
  OK    BWX       4691 rows  → Data/etf/bwx_1d_yf.csv
  OK    CALF      2253 rows  → Data/etf/calf_1d_yf.csv
  OK    COWZ      2374 rows  → Data/etf/cowz_1d_yf.csv
  OK    DBA       4884 rows  → Data/etf/dba_1d_yf.csv
  OK    ECH       4663 rows  → Data/etf/ech_1d_yf.csv
  OK    EIDO      4044 rows  → Data/etf/eido_1d_yf.csv
  OK    EWA       7603 rows  → Data/etf/ewa_1d_yf.csv
  OK    EWC       7603 rows  → Data/etf/ewc_1d_yf.csv
  OK    EWG       7603 rows  → Data/etf/ewg_1d_yf.csv
  OK    EWH       7603 rows  → Data/etf/ewh_1d_yf.csv
  OK    EWI       7603 rows  → Data/etf/ewi_1d_yf.csv
  OK    EWJ       7603 rows  → Data/etf/ewj_1d_yf.csv
  OK    EWL       7603 rows  → Data/etf/ewl_1d_yf.csv
  OK    EWP       7603 rows  → Data/etf/ewp_1d_yf.csv
  OK    EWQ       7603 rows  → Data/etf/ewq_1d_yf.csv
  OK    EWT       6525 rows  → Data/etf/ewt_1d_yf.csv
  OK    EWU       7603 rows  → Data/etf/ewu_1d_yf.csv
  OK    EWW       7603 rows  → Data/etf/eww_1d_yf.csv
  OK    EWY       6554 rows  → Data/etf/ewy_1d_yf.csv
  OK    EWZ       6511 rows  → Data/etf/ewz_1d_yf.csv
  OK    FLOT      3763 rows  → Data/etf/flot_1d_yf.csv
  OK    FXE       5151 rows  → Data/etf/fxe_1d_yf.csv
  OK    FXI       5448 rows  → Data/etf/fxi_1d_yf.csv
  OK    FXY       4858 rows  → Data/etf/fxy_1d_yf.csv
  OK    GLD       5419 rows  → Data/etf/gld_1d_yf.csv
  OK    HDV       3817 rows  → Data/etf/hdv_1d_yf.csv
  OK    HYD       4359 rows  → Data/etf/hyd_1d_yf.csv
  OK    IAGG      2654 rows  → Data/etf/iagg_1d_yf.csv
  OK    IBB       6365 rows  → Data/etf/ibb_1d_yf.csv
  OK    IEF       6001 rows  → Data/etf/ief_1d_yf.csv
  OK    INDA      3604 rows  → Data/etf/inda_1d_yf.csv
  OK    ITA       5052 rows  → Data/etf/ita_1d_yf.csv
  OK    IWM       6544 rows  → Data/etf/iwm_1d_yf.csv
  OK    IYT       5641 rows  → Data/etf/iyt_1d_yf.csv
  OK    KRE       5019 rows  → Data/etf/kre_1d_yf.csv
  OK    LQD       6001 rows  → Data/etf/lqd_1d_yf.csv
  OK    MTUM      3303 rows  → Data/etf/mtum_1d_yf.csv
  OK    MUB       4714 rows  → Data/etf/mub_1d_yf.csv
  OK    OIH       6356 rows  → Data/etf/oih_1d_yf.csv
  OK    PDBC      2909 rows  → Data/etf/pdbc_1d_yf.csv
  OK    QQQ       6852 rows  → Data/etf/qqq_1d_yf.csv
  OK    SLV       5057 rows  → Data/etf/slv_1d_yf.csv
  OK    SMH       6539 rows  → Data/etf/smh_1d_yf.csv
  OK    SPY       8394 rows  → Data/etf/spy_1d_yf.csv
  OK    TIP       5659 rows  → Data/etf/tip_1d_yf.csv
  OK    TLT       6001 rows  → Data/etf/tlt_1d_yf.csv
  OK    UNG       4814 rows  → Data/etf/ung_1d_yf.csv
  OK    USMV      3676 rows  → Data/etf/usmv_1d_yf.csv
  OK    USO       5070 rows  → Data/etf/uso_1d_yf.csv
  OK    UUP       4847 rows  → Data/etf/uup_1d_yf.csv
  OK    UVXY      3688 rows  → Data/etf/uvxy_1d_yf.csv
  OK    VCIT      4157 rows  → Data/etf/vcit_1d_yf.csv
  OK    VLUE      3303 rows  → Data/etf/vlue_1d_yf.csv
  OK    VTEB      2710 rows  → Data/etf/vteb_1d_yf.csv
  OK    VTV       5622 rows  → Data/etf/vtv_1d_yf.csv
  OK    XBI       5114 rows  → Data/etf/xbi_1d_yf.csv
  OK    XHB       5114 rows  → Data/etf/xhb_1d_yf.csv
  OK    XLB       6904 rows  → Data/etf/xlb_1d_yf.csv
  OK    XLC       2001 rows  → Data/etf/xlc_1d_yf.csv
  OK    XLE       6904 rows  → Data/etf/xle_1d_yf.csv
  OK    XLF       6904 rows  → Data/etf/xlf_1d_yf.csv
  OK    XLI       6904 rows  → Data/etf/xli_1d_yf.csv
  OK    XLP       6904 rows  → Data/etf/xlp_1d_yf.csv
  OK    XLU       6904 rows  → Data/etf/xlu_1d_yf.csv
  OK    XLV       6904 rows  → Data/etf/xlv_1d_yf.csv
  OK    XLY       6904 rows  → Data/etf/xly_1d_yf.csv
  OK    XOP       5019 rows  → Data/etf/xop_1d_yf.csv
  OK    XRT       5019 rows  → Data/etf/xrt_1d_yf.csv

  Refreshed 71/71
Nightly refresh: 71 tickers (full history, overwrite)

  OK    AMLP      3969 rows  → Data/etf/amlp_1d_yf.csv
  OK    BITO      1161 rows  → Data/etf/bito_1d_yf.csv
  OK    BNDX      3272 rows  → Data/etf/bndx_1d_yf.csv
  OK    BWX       4692 rows  → Data/etf/bwx_1d_yf.csv
  OK    CALF      2254 rows  → Data/etf/calf_1d_yf.csv
  OK    COWZ      2375 rows  → Data/etf/cowz_1d_yf.csv
  OK    DBA       4885 rows  → Data/etf/dba_1d_yf.csv
  OK    ECH       4664 rows  → Data/etf/ech_1d_yf.csv
  OK    EIDO      4045 rows  → Data/etf/eido_1d_yf.csv
  OK    EWA       7604 rows  → Data/etf/ewa_1d_yf.csv
  OK    EWC       7604 rows  → Data/etf/ewc_1d_yf.csv
  OK    EWG       7604 rows  → Data/etf/ewg_1d_yf.csv
  OK    EWH       7604 rows  → Data/etf/ewh_1d_yf.csv
  OK    EWI       7604 rows  → Data/etf/ewi_1d_yf.csv
  OK    EWJ       7604 rows  → Data/etf/ewj_1d_yf.csv
  OK    EWL       7604 rows  → Data/etf/ewl_1d_yf.csv
  OK    EWP       7604 rows  → Data/etf/ewp_1d_yf.csv
  OK    EWQ       7604 rows  → Data/etf/ewq_1d_yf.csv
  OK    EWT       6526 rows  → Data/etf/ewt_1d_yf.csv
  OK    EWU       7604 rows  → Data/etf/ewu_1d_yf.csv
  OK    EWW       7604 rows  → Data/etf/eww_1d_yf.csv
  OK    EWY       6555 rows  → Data/etf/ewy_1d_yf.csv
  OK    EWZ       6512 rows  → Data/etf/ewz_1d_yf.csv
  OK    FLOT      3764 rows  → Data/etf/flot_1d_yf.csv
  OK    FXE       5152 rows  → Data/etf/fxe_1d_yf.csv
  OK    FXI       5449 rows  → Data/etf/fxi_1d_yf.csv
  OK    FXY       4859 rows  → Data/etf/fxy_1d_yf.csv
  OK    GLD       5420 rows  → Data/etf/gld_1d_yf.csv
  OK    HDV       3818 rows  → Data/etf/hdv_1d_yf.csv
  OK    HYD       4360 rows  → Data/etf/hyd_1d_yf.csv
  OK    IAGG      2655 rows  → Data/etf/iagg_1d_yf.csv
  OK    IBB       6366 rows  → Data/etf/ibb_1d_yf.csv
  OK    IEF       6002 rows  → Data/etf/ief_1d_yf.csv
  OK    INDA      3605 rows  → Data/etf/inda_1d_yf.csv
  OK    ITA       5053 rows  → Data/etf/ita_1d_yf.csv
  OK    IWM       6545 rows  → Data/etf/iwm_1d_yf.csv
  OK    IYT       5642 rows  → Data/etf/iyt_1d_yf.csv
  OK    KRE       5020 rows  → Data/etf/kre_1d_yf.csv
  OK    LQD       6002 rows  → Data/etf/lqd_1d_yf.csv
  OK    MTUM      3304 rows  → Data/etf/mtum_1d_yf.csv
  OK    MUB       4715 rows  → Data/etf/mub_1d_yf.csv
  OK    OIH       6357 rows  → Data/etf/oih_1d_yf.csv
  OK    PDBC      2910 rows  → Data/etf/pdbc_1d_yf.csv
  OK    QQQ       6853 rows  → Data/etf/qqq_1d_yf.csv
  OK    SLV       5058 rows  → Data/etf/slv_1d_yf.csv
  OK    SMH       6540 rows  → Data/etf/smh_1d_yf.csv
  OK    SPY       8395 rows  → Data/etf/spy_1d_yf.csv
  OK    TIP       5660 rows  → Data/etf/tip_1d_yf.csv
  OK    TLT       6002 rows  → Data/etf/tlt_1d_yf.csv
  OK    UNG       4815 rows  → Data/etf/ung_1d_yf.csv
  OK    USMV      3677 rows  → Data/etf/usmv_1d_yf.csv
  OK    USO       5071 rows  → Data/etf/uso_1d_yf.csv
  OK    UUP       4848 rows  → Data/etf/uup_1d_yf.csv
  OK    UVXY      3689 rows  → Data/etf/uvxy_1d_yf.csv
  OK    VCIT      4158 rows  → Data/etf/vcit_1d_yf.csv
  OK    VLUE      3304 rows  → Data/etf/vlue_1d_yf.csv
  OK    VTEB      2711 rows  → Data/etf/vteb_1d_yf.csv
  OK    VTV       5623 rows  → Data/etf/vtv_1d_yf.csv
  OK    XBI       5115 rows  → Data/etf/xbi_1d_yf.csv
  OK    XHB       5115 rows  → Data/etf/xhb_1d_yf.csv
  OK    XLB       6905 rows  → Data/etf/xlb_1d_yf.csv
  OK    XLC       2002 rows  → Data/etf/xlc_1d_yf.csv
  OK    XLE       6905 rows  → Data/etf/xle_1d_yf.csv
  OK    XLF       6905 rows  → Data/etf/xlf_1d_yf.csv
  OK    XLI       6905 rows  → Data/etf/xli_1d_yf.csv
  OK    XLP       6905 rows  → Data/etf/xlp_1d_yf.csv
  OK    XLU       6905 rows  → Data/etf/xlu_1d_yf.csv
  OK    XLV       6905 rows  → Data/etf/xlv_1d_yf.csv
  OK    XLY       6905 rows  → Data/etf/xly_1d_yf.csv
  OK    XOP       5020 rows  → Data/etf/xop_1d_yf.csv
  OK    XRT       5020 rows  → Data/etf/xrt_1d_yf.csv

  Refreshed 71/71
