Running 2 strategies...
  [crypto_trend] bar 2026-05-30: ret +0.000%  nav 1.0000  gross 0%  0 trades
  [crypto_carry] bar 2026-05-31: ret +0.019%  nav 0.9960  gross 94%  0 trades

================================================================================
  PAPER PORTFOLIO REPORT   total capital $5,000
================================================================================

  ── crypto_trend   alloc 70%  ($3,500)  value $3,500.00   2 bars
     NAV 1.0000   total    0.00%   cum cost    0.00%
     (accumulating — annualized stats shown after 20 bars)

  ── crypto_carry   alloc 30%  ($1,500)  value $1,493.94   2 bars
     NAV 0.9960   total   -0.40%   cum cost    0.42%
     (accumulating — annualized stats shown after 20 bars)

  ── TOTAL PORTFOLIO ─────────────────────────────────────────────────────
     value $4,993.94   total   -0.12%
     (accumulating — annualized stats shown after 20 bars)

     strategy return correlations:
                     crypto_trend  crypto_carry
       crypto_trend           NaN           NaN
       crypto_carry           NaN           1.0

================================================================================
Running 2 strategies...
  [crypto_trend] bar 2026-05-31: ret -0.002%  nav 1.0000  gross 0%  1 trades
  [crypto_carry] bar 2026-06-01: ret -0.069%  nav 0.9953  gross 105%  7 trades

================================================================================
  PAPER PORTFOLIO REPORT   total capital $5,000
================================================================================

  ── crypto_trend   alloc 70%  ($3,500)  value $3,499.94   3 bars
     NAV 1.0000   total   -0.00%   cum cost    0.00%
     (accumulating — annualized stats shown after 20 bars)

  ── crypto_carry   alloc 30%  ($1,500)  value $1,492.91   3 bars
     NAV 0.9953   total   -0.47%   cum cost    0.49%
     (accumulating — annualized stats shown after 20 bars)

  ── TOTAL PORTFOLIO ─────────────────────────────────────────────────────
     value $4,992.85   total   -0.14%
     (accumulating — annualized stats shown after 20 bars)

     strategy return correlations:
                     crypto_trend  crypto_carry
       crypto_trend          1.00         -0.44
       crypto_carry         -0.44          1.00

================================================================================
